<?xml version="1.0" encoding="UTF-8"?>
<!-- Generated by org.testng.reporters.JUnitReportReporter -->
<testsuite hostname="DTWD24" failures="0" tests="2" name="pq1.Tests" time="1.356" errors="0" timestamp="2020-10-23T12:59:06 BST" skipped="0">
  <testcase classname="pq1.Tests" name="verifyClickRunBtn" time="0.157"/>
  <system-out/>
  <testcase classname="pq1.Tests" name="verifyClickSaveBtn" time="1.199"/>
  <system-out/>
</testsuite> <!-- pq1.Tests -->
