<?xml version="1.0" encoding="UTF-8"?>
<!-- Generated by org.testng.reporters.JUnitReportReporter -->
<testsuite hostname="DTWD24" failures="0" tests="2" name="BasePage" time="1.292" errors="0" timestamp="2020-10-23T12:47:49 BST" skipped="0">
  <testcase classname="BasePage" name="verifyClickRunBtn" time="0.112"/>
  <system-out/>
  <testcase classname="BasePage" name="verifyClickSaveBtn" time="1.180"/>
  <system-out/>
</testsuite> <!-- BasePage -->
